# ./configure --disable-static --enable-asm --cpu=cortex-a8 --arch=armv7 --enable-neon --enable-shared --enable-memalign-hack --disable-network --disable-muxers --disable-protocols --disable-demuxers --disable-encoders --disable-parsers --disable-bsfs --enable-gpl --enable-version3 --enable-nonfree --disable-doc --disable-ffmpeg --disable-ffplay --disable-ffprobe --disable-ffserver --disable-avdevice --disable-devices --enable-small --cross-prefix=/cygdrive/g/android-ndk-r5/toolchains/arm-linux-androideabi-4.4.3/prebuilt/windows/bin/arm-linux-androideabi- --enable-cross-compile --target-os=linux --extra-cflags='-I$ndk/platforms/android-9/arch-arm/usr/include -mfpu=neon -mfloat-abi=softfp' --extra-ldflags='-L$ndk/platforms/android-9/arch-arm/usr/lib -nostdlib' --arch=arm --disable-debug --disable-stripping --disable-armv5te --disable-armv6 --disable-armv6t2
ALLUSERSPROFILE='C:\ProgramData'
ANDROID_SDK_HOME='G:\开发工具\adt-bundle-windows-x86-20140702\sdk'
APPDATA='C:\Users\lenovo\AppData\Roaming'
ARCH_EXT_LIST='
    altivec
    amd3dnow
    amd3dnowext
    armv5te
    armv6
    armv6t2
    armvfp
    iwmmxt
    mmi
    mmx
    mmx2
    neon
    ppc4xx
    sse
    ssse3
    vis
'
ARCH_LIST='
    alpha
    arm
    avr32
    avr32_ap
    avr32_uc
    bfin
    ia64
    m68k
    mips
    mips64
    parisc
    ppc
    ppc64
    s390
    sh4
    sparc
    sparc64
    tomi
    x86
    x86_32
    x86_64
'
BASH=/usr/bin/sh
BASHOPTS=cmdhist:extquote:force_fignore:hostcomplete:interactive_comments:progcomp:promptvars:sourcepath
BASH_ALIASES=()
BASH_ARGC=([0]="36")
BASH_ARGV=([0]="--disable-armv6t2" [1]="--disable-armv6" [2]="--disable-armv5te" [3]="--disable-stripping" [4]="--disable-debug" [5]="--arch=arm" [6]="--extra-ldflags=-L\$ndk/platforms/android-9/arch-arm/usr/lib -nostdlib" [7]="--extra-cflags=-I\$ndk/platforms/android-9/arch-arm/usr/include -mfpu=neon -mfloat-abi=softfp" [8]="--target-os=linux" [9]="--enable-cross-compile" [10]="--cross-prefix=/cygdrive/g/android-ndk-r5/toolchains/arm-linux-androideabi-4.4.3/prebuilt/windows/bin/arm-linux-androideabi-" [11]="--enable-small" [12]="--disable-devices" [13]="--disable-avdevice" [14]="--disable-ffserver" [15]="--disable-ffprobe" [16]="--disable-ffplay" [17]="--disable-ffmpeg" [18]="--disable-doc" [19]="--enable-nonfree" [20]="--enable-version3" [21]="--enable-gpl" [22]="--disable-bsfs" [23]="--disable-parsers" [24]="--disable-encoders" [25]="--disable-demuxers" [26]="--disable-protocols" [27]="--disable-muxers" [28]="--disable-network" [29]="--enable-memalign-hack" [30]="--enable-shared" [31]="--enable-neon" [32]="--arch=armv7" [33]="--cpu=cortex-a8" [34]="--enable-asm" [35]="--disable-static")
BASH_CMDS=()
BASH_LINENO=([0]="0")
BASH_SOURCE=([0]="./configure")
BASH_VERSINFO=([0]="4" [1]="1" [2]="10" [3]="4" [4]="release" [5]="i686-pc-cygwin")
BASH_VERSION='4.1.10(4)-release'
BSF_LIST='aac_adtstoasc_bsf
chomp_bsf
dump_extradata_bsf
h264_mp4toannexb_bsf
imx_dump_header_bsf
mjpega_dump_header_bsf
mp3_header_compress_bsf
mp3_header_decompress_bsf
mov2textsub_bsf
noise_bsf
remove_extradata_bsf
text2movsub_bsf'
CC_O='-o $@'
CMDLINE_APPEND='
    extra_cflags
'
CMDLINE_SELECT='
    
    altivec
    amd3dnow
    amd3dnowext
    armv5te
    armv6
    armv6t2
    armvfp
    iwmmxt
    mmi
    mmx
    mmx2
    neon
    ppc4xx
    sse
    ssse3
    vis

    
    
    bsfs
    decoders
    demuxers
    encoders
    filters
    hwaccels
    indevs
    muxers
    outdevs
    parsers
    protocols

    aandct
    avcodec
    avdevice
    avfilter
    avfilter_lavf
    avformat
    avisynth
    bzlib
    dct
    doc
    dwt
    dxva2
    fastdiv
    ffmpeg
    ffplay
    ffprobe
    ffserver
    fft
    golomb
    gpl
    gprof
    gray
    h264dsp
    hardcoded_tables
    libdc1394
    libdirac
    libfaac
    libgsm
    libmp3lame
    libnut
    libopencore_amrnb
    libopencore_amrwb
    libopenjpeg
    librtmp
    libschroedinger
    libspeex
    libtheora
    libvorbis
    libvpx
    libx264
    libxvid
    lpc
    lsp
    mdct
    memalign_hack
    mlib
    mpegaudio_hp
    network
    nonfree
    pic
    postproc
    powerpc_perf
    rdft
    runtime_cpudetect
    shared
    small
    sram
    static
    swscale
    swscale_alpha
    vaapi
    vdpau
    version3
    x11grab
    zlib

    
    beosthreads
    os2threads
    pthreads
    w32threads

    asm
    cross_compile
    debug
    extra_warnings
    logging
    optimizations
    stripping
    yasm
'
CMDLINE_SET='
    
    bindir
    datadir
    incdir
    libdir
    mandir
    prefix
    shlibdir

    ar
    arch
    as
    build_suffix
    cc
    cpu
    cross_prefix
    dep_cc
    extra_version
    host_cc
    host_cflags
    host_ldflags
    host_libs
    host_os
    ld
    logfile
    malloc_prefix
    nm
    samples
    source_path
    strip
    sysinclude
    sysroot
    target_exec
    target_os
    target_path
'
COMMONPROGRAMFILES='C:\Program Files\Common Files'
COMPONENT_LIST='
    bsfs
    decoders
    demuxers
    encoders
    filters
    hwaccels
    indevs
    muxers
    outdevs
    parsers
    protocols
'
COMPUTERNAME=LENOVO-PC
COMSPEC='C:\windows\system32\cmd.exe'
CONFIG_EXTRA='
    avutil
    gplv3
    lgplv3
'
CONFIG_LIST='
    
    bsfs
    decoders
    demuxers
    encoders
    filters
    hwaccels
    indevs
    muxers
    outdevs
    parsers
    protocols

    aandct
    avcodec
    avdevice
    avfilter
    avfilter_lavf
    avformat
    avisynth
    bzlib
    dct
    doc
    dwt
    dxva2
    fastdiv
    ffmpeg
    ffplay
    ffprobe
    ffserver
    fft
    golomb
    gpl
    gprof
    gray
    h264dsp
    hardcoded_tables
    libdc1394
    libdirac
    libfaac
    libgsm
    libmp3lame
    libnut
    libopencore_amrnb
    libopencore_amrwb
    libopenjpeg
    librtmp
    libschroedinger
    libspeex
    libtheora
    libvorbis
    libvpx
    libx264
    libxvid
    lpc
    lsp
    mdct
    memalign_hack
    mlib
    mpegaudio_hp
    network
    nonfree
    pic
    postproc
    powerpc_perf
    rdft
    runtime_cpudetect
    shared
    small
    sram
    static
    swscale
    swscale_alpha
    vaapi
    vdpau
    version3
    x11grab
    zlib
'
DECODER_LIST='aasc_decoder
amv_decoder
anm_decoder
asv1_decoder
asv2_decoder
aura_decoder
aura2_decoder
avs_decoder
bethsoftvid_decoder
bfi_decoder
bink_decoder
bmp_decoder
c93_decoder
cavs_decoder
cdgraphics_decoder
cinepak_decoder
cljr_decoder
cscd_decoder
cyuv_decoder
dnxhd_decoder
dpx_decoder
dsicinvideo_decoder
dvvideo_decoder
dxa_decoder
eacmv_decoder
eamad_decoder
eatgq_decoder
eatgv_decoder
eatqi_decoder
eightbps_decoder
eightsvx_exp_decoder
eightsvx_fib_decoder
escape124_decoder
ffv1_decoder
ffvhuff_decoder
flashsv_decoder
flic_decoder
flv_decoder
fourxm_decoder
fraps_decoder
frwu_decoder
gif_decoder
h261_decoder
h263_decoder
h263i_decoder
h264_decoder
h264_vdpau_decoder
huffyuv_decoder
idcin_decoder
iff_byterun1_decoder
iff_ilbm_decoder
indeo2_decoder
indeo3_decoder
indeo5_decoder
interplay_video_decoder
jpegls_decoder
kgv1_decoder
kmvc_decoder
loco_decoder
mdec_decoder
mimic_decoder
mjpeg_decoder
mjpegb_decoder
mmvideo_decoder
motionpixels_decoder
mpeg_xvmc_decoder
mpeg1video_decoder
mpeg2video_decoder
mpeg4_decoder
mpeg4_vdpau_decoder
mpegvideo_decoder
mpeg_vdpau_decoder
mpeg1_vdpau_decoder
msmpeg4v1_decoder
msmpeg4v2_decoder
msmpeg4v3_decoder
msrle_decoder
msvideo1_decoder
mszh_decoder
nuv_decoder
pam_decoder
pbm_decoder
pcx_decoder
pgm_decoder
pgmyuv_decoder
pictor_decoder
png_decoder
ppm_decoder
ptx_decoder
qdraw_decoder
qpeg_decoder
qtrle_decoder
r210_decoder
rawvideo_decoder
rl2_decoder
roq_decoder
rpza_decoder
rv10_decoder
rv20_decoder
rv30_decoder
rv40_decoder
sgi_decoder
smacker_decoder
smc_decoder
snow_decoder
sp5x_decoder
sunrast_decoder
svq1_decoder
svq3_decoder
targa_decoder
theora_decoder
thp_decoder
tiertexseqvideo_decoder
tiff_decoder
tmv_decoder
truemotion1_decoder
truemotion2_decoder
tscc_decoder
txd_decoder
ulti_decoder
v210_decoder
v210x_decoder
vb_decoder
vc1_decoder
vc1_vdpau_decoder
vcr1_decoder
vmdvideo_decoder
vmnc_decoder
vp3_decoder
vp5_decoder
vp6_decoder
vp6a_decoder
vp6f_decoder
vqa_decoder
wmv1_decoder
wmv2_decoder
wmv3_decoder
wmv3_vdpau_decoder
wnv1_decoder
xan_wc3_decoder
xl_decoder
yop_decoder
zlib_decoder
zmbv_decoder
aac_decoder
ac3_decoder
alac_decoder
als_decoder
amrnb_decoder
ape_decoder
atrac1_decoder
atrac3_decoder
binkaudio_dct_decoder
binkaudio_rdft_decoder
cook_decoder
dca_decoder
dsicinaudio_decoder
eac3_decoder
flac_decoder
imc_decoder
mace3_decoder
mace6_decoder
mlp_decoder
mp1_decoder
mp1float_decoder
mp2_decoder
mp2float_decoder
mp3_decoder
mp3float_decoder
mp3adu_decoder
mp3adufloat_decoder
mp3on4_decoder
mp3on4float_decoder
mpc7_decoder
mpc8_decoder
nellymoser_decoder
qcelp_decoder
qdm2_decoder
ra_144_decoder
ra_288_decoder
shorten_decoder
sipr_decoder
smackaud_decoder
sonic_decoder
truehd_decoder
truespeech_decoder
tta_decoder
twinvq_decoder
vmdaudio_decoder
vorbis_decoder
wavpack_decoder
wmapro_decoder
wmav1_decoder
wmav2_decoder
wmavoice_decoder
ws_snd1_decoder
pcm_alaw_decoder
pcm_bluray_decoder
pcm_dvd_decoder
pcm_f32be_decoder
pcm_f32le_decoder
pcm_f64be_decoder
pcm_f64le_decoder
pcm_mulaw_decoder
pcm_s8_decoder
pcm_s16be_decoder
pcm_s16le_decoder
pcm_s16le_planar_decoder
pcm_s24be_decoder
pcm_s24daud_decoder
pcm_s24le_decoder
pcm_s32be_decoder
pcm_s32le_decoder
pcm_u8_decoder
pcm_u16be_decoder
pcm_u16le_decoder
pcm_u24be_decoder
pcm_u24le_decoder
pcm_u32be_decoder
pcm_u32le_decoder
pcm_zork_decoder
interplay_dpcm_decoder
roq_dpcm_decoder
sol_dpcm_decoder
xan_dpcm_decoder
adpcm_4xm_decoder
adpcm_adx_decoder
adpcm_ct_decoder
adpcm_ea_decoder
adpcm_ea_maxis_xa_decoder
adpcm_ea_r1_decoder
adpcm_ea_r2_decoder
adpcm_ea_r3_decoder
adpcm_ea_xas_decoder
adpcm_g726_decoder
adpcm_ima_amv_decoder
adpcm_ima_dk3_decoder
adpcm_ima_dk4_decoder
adpcm_ima_ea_eacs_decoder
adpcm_ima_ea_sead_decoder
adpcm_ima_iss_decoder
adpcm_ima_qt_decoder
adpcm_ima_smjpeg_decoder
adpcm_ima_wav_decoder
adpcm_ima_ws_decoder
adpcm_ms_decoder
adpcm_sbpro_2_decoder
adpcm_sbpro_3_decoder
adpcm_sbpro_4_decoder
adpcm_swf_decoder
adpcm_thp_decoder
adpcm_xa_decoder
adpcm_yamaha_decoder
dvbsub_decoder
dvdsub_decoder
pgssub_decoder
xsub_decoder
libdirac_decoder
libgsm_decoder
libgsm_ms_decoder
libopencore_amrnb_decoder
libopencore_amrwb_decoder
libopenjpeg_decoder
libschroedinger_decoder
libspeex_decoder
libvpx_decoder'
DEMUXER_LIST='aac_demuxer
ac3_demuxer
aea_demuxer
aiff_demuxer
amr_demuxer
anm_demuxer
apc_demuxer
ape_demuxer
asf_demuxer
ass_demuxer
au_demuxer
avi_demuxer
avisynth_demuxer
avs_demuxer
bethsoftvid_demuxer
bfi_demuxer
bink_demuxer
c93_demuxer
caf_demuxer
cavsvideo_demuxer
cdg_demuxer
daud_demuxer
dirac_demuxer
dnxhd_demuxer
dsicin_demuxer
dts_demuxer
dv_demuxer
dxa_demuxer
ea_demuxer
ea_cdata_demuxer
eac3_demuxer
ffm_demuxer
filmstrip_demuxer
flac_demuxer
flic_demuxer
flv_demuxer
fourxm_demuxer
gsm_demuxer
gxf_demuxer
h261_demuxer
h263_demuxer
h264_demuxer
idcin_demuxer
iff_demuxer
image2_demuxer
image2pipe_demuxer
ingenient_demuxer
ipmovie_demuxer
iss_demuxer
iv8_demuxer
ivf_demuxer
lmlm4_demuxer
m4v_demuxer
matroska_demuxer
mjpeg_demuxer
mlp_demuxer
mm_demuxer
mmf_demuxer
mov_demuxer
mp3_demuxer
mpc_demuxer
mpc8_demuxer
mpegps_demuxer
mpegts_demuxer
mpegtsraw_demuxer
mpegvideo_demuxer
msnwc_tcp_demuxer
mtv_demuxer
mvi_demuxer
mxf_demuxer
nc_demuxer
nsv_demuxer
nut_demuxer
nuv_demuxer
ogg_demuxer
oma_demuxer
pcm_alaw_demuxer
pcm_mulaw_demuxer
pcm_f64be_demuxer
pcm_f64le_demuxer
pcm_f32be_demuxer
pcm_f32le_demuxer
pcm_s32be_demuxer
pcm_s32le_demuxer
pcm_s24be_demuxer
pcm_s24le_demuxer
pcm_s16be_demuxer
pcm_s16le_demuxer
pcm_s8_demuxer
pcm_u32be_demuxer
pcm_u32le_demuxer
pcm_u24be_demuxer
pcm_u24le_demuxer
pcm_u16be_demuxer
pcm_u16le_demuxer
pcm_u8_demuxer
pva_demuxer
qcp_demuxer
r3d_demuxer
rawvideo_demuxer
rl2_demuxer
rm_demuxer
roq_demuxer
rpl_demuxer
rtsp_demuxer
sdp_demuxer
segafilm_demuxer
shorten_demuxer
siff_demuxer
smacker_demuxer
sol_demuxer
sox_demuxer
str_demuxer
swf_demuxer
thp_demuxer
tiertexseq_demuxer
tmv_demuxer
truehd_demuxer
tta_demuxer
txd_demuxer
vc1_demuxer
vc1t_demuxer
vmd_demuxer
voc_demuxer
vqf_demuxer
w64_demuxer
wav_demuxer
wc3_demuxer
wsaud_demuxer
wsvqa_demuxer
wv_demuxer
xa_demuxer
yop_demuxer
yuv4mpegpipe_demuxer
libnut_demuxer'
DEPEND_CMD='$(DEPCC) $(DEPFLAGS) $< | sed -e "/^\#.*/d" -e "s,^[[:space:]]*$(*F)\\.o,$(@D)/$(*F).o," > $(@:.o=.d)'
DEPFLAGS='$(CPPFLAGS) $(CFLAGS) -MM'
DIRSTACK=()
E1=0
E2=1
ENCODER_LIST='asv1_encoder
asv2_encoder
bmp_encoder
dnxhd_encoder
dvvideo_encoder
ffv1_encoder
ffvhuff_encoder
flashsv_encoder
flv_encoder
gif_encoder
h261_encoder
h263_encoder
h263p_encoder
huffyuv_encoder
jpegls_encoder
ljpeg_encoder
mjpeg_encoder
mpeg1video_encoder
mpeg2video_encoder
mpeg4_encoder
msmpeg4v1_encoder
msmpeg4v2_encoder
msmpeg4v3_encoder
pam_encoder
pbm_encoder
pcx_encoder
pgm_encoder
pgmyuv_encoder
png_encoder
ppm_encoder
qtrle_encoder
rawvideo_encoder
roq_encoder
rv10_encoder
rv20_encoder
sgi_encoder
snow_encoder
svq1_encoder
targa_encoder
tiff_encoder
v210_encoder
wmv1_encoder
wmv2_encoder
zlib_encoder
zmbv_encoder
aac_encoder
ac3_encoder
alac_encoder
flac_encoder
mp2_encoder
nellymoser_encoder
ra_144_encoder
sonic_encoder
sonic_ls_encoder
vorbis_encoder
wmav1_encoder
wmav2_encoder
pcm_alaw_encoder
pcm_f32be_encoder
pcm_f32le_encoder
pcm_f64be_encoder
pcm_f64le_encoder
pcm_mulaw_encoder
pcm_s8_encoder
pcm_s16be_encoder
pcm_s16le_encoder
pcm_s24be_encoder
pcm_s24daud_encoder
pcm_s24le_encoder
pcm_s32be_encoder
pcm_s32le_encoder
pcm_u8_encoder
pcm_u16be_encoder
pcm_u16le_encoder
pcm_u24be_encoder
pcm_u24le_encoder
pcm_u32be_encoder
pcm_u32le_encoder
pcm_zork_encoder
roq_dpcm_encoder
adpcm_adx_encoder
adpcm_g726_encoder
adpcm_ima_qt_encoder
adpcm_ima_wav_encoder
adpcm_ms_encoder
adpcm_swf_encoder
adpcm_yamaha_encoder
dvbsub_encoder
dvdsub_encoder
xsub_encoder
libdirac_encoder
libfaac_encoder
libgsm_encoder
libgsm_ms_encoder
libmp3lame_encoder
libopencore_amrnb_encoder
libschroedinger_encoder
libtheora_encoder
libvorbis_encoder
libvpx_encoder
libx264_encoder
libxvid_encoder'
EUID=1000
EXECIGNORE='*.dll'
FFMPEG_CONFIGURATION='--disable-static --enable-asm --cpu=cortex-a8 --arch=armv7 --enable-neon --enable-shared --enable-memalign-hack --disable-network --disable-muxers --disable-protocols --disable-demuxers --disable-encoders --disable-parsers --disable-bsfs --enable-gpl --enable-version3 --enable-nonfree --disable-doc --disable-ffmpeg --disable-ffplay --disable-ffprobe --disable-ffserver --disable-avdevice --disable-devices --enable-small --cross-prefix=/cygdrive/g/android-ndk-r5/toolchains/arm-linux-androideabi-4.4.3/prebuilt/windows/bin/arm-linux-androideabi- --enable-cross-compile --target-os=linux --extra-cflags='\''-I$ndk/platforms/android-9/arch-arm/usr/include -mfpu=neon -mfloat-abi=softfp'\'' --extra-ldflags='\''-L$ndk/platforms/android-9/arch-arm/usr/lib -nostdlib'\'' --arch=arm --disable-debug --disable-stripping --disable-armv5te --disable-armv6 --disable-armv6t2'
FFSERVERLDFLAGS=-Wl,-E
FILTER_LIST='aspect_filter
crop_filter
format_filter
noformat_filter
null_filter
pad_filter
pixelaspect_filter
scale_filter
slicify_filter
unsharp_filter
vflip_filter
buffer_filter
nullsrc_filter
nullsink_filter'
FP_NO_HOST_CHECK=NO
FULLNAME='$(NAME)$(BUILDSUF)'
GROUPS=()
HAVE_LIST='
    
    altivec
    amd3dnow
    amd3dnowext
    armv5te
    armv6
    armv6t2
    armvfp
    iwmmxt
    mmi
    mmx
    mmx2
    neon
    ppc4xx
    sse
    ssse3
    vis

    
    bigendian

    
    beosthreads
    os2threads
    pthreads
    w32threads

    alsa_asoundlib_h
    altivec_h
    arpa_inet_h
    attribute_may_alias
    attribute_packed
    bswap
    closesocket
    cmov
    conio_h
    dcbzl
    dev_bktr_ioctl_bt848_h
    dev_bktr_ioctl_meteor_h
    dev_ic_bt8xx_h
    dev_video_meteor_ioctl_meteor_h
    dev_video_bktr_ioctl_bt848_h
    dlfcn_h
    dlopen
    dos_paths
    ebp_available
    ebx_available
    exp2
    exp2f
    fast_64bit
    fast_clz
    fast_cmov
    fast_unaligned
    fork
    getaddrinfo
    gethrtime
    GetProcessMemoryInfo
    GetProcessTimes
    getrusage
    struct_rusage_ru_maxrss
    inet_aton
    inline_asm
    isatty
    ldbrx
    libdc1394_1
    libdc1394_2
    llrint
    llrintf
    local_aligned_16
    local_aligned_8
    log2
    log2f
    loongson
    lrint
    lrintf
    lzo1x_999_compress
    machine_ioctl_bt848_h
    machine_ioctl_meteor_h
    malloc_h
    memalign
    mkstemp
    pld
    posix_memalign
    round
    roundf
    sdl
    sdl_video_size
    setmode
    socklen_t
    soundcard_h
    poll_h
    setrlimit
    strerror_r
    struct_addrinfo
    struct_ipv6_mreq
    struct_sockaddr_in6
    struct_sockaddr_sa_len
    struct_sockaddr_storage
    symver
    symver_gnu_asm
    symver_asm_label
    sys_mman_h
    sys_resource_h
    sys_select_h
    sys_soundcard_h
    sys_videoio_h
    ten_operands
    termios_h
    threads
    truncf
    vfp_args
    VirtualAlloc
    winsock2_h
    xform_asm
    yasm
'
HAVE_LIST_PUB='
    bigendian
'
HOME=/home/lenovo
HOMEDRIVE=C:
HOMEPATH='\Users\lenovo'
HOSTNAME=lenovo-PC
HOSTTYPE=i686
HWACCEL_LIST='h263_vaapi_hwaccel
h264_dxva2_hwaccel
h264_vaapi_hwaccel
mpeg2_dxva2_hwaccel
mpeg2_vaapi_hwaccel
mpeg4_vaapi_hwaccel
vc1_dxva2_hwaccel
vc1_vaapi_hwaccel
wmv3_dxva2_hwaccel
wmv3_vaapi_hwaccel'
IFS=' 	
'
INDEV_LIST='alsa_indev
bktr_indev
dv1394_indev
jack_indev
oss_indev
v4l2_indev
v4l_indev
vfwcap_indev
x11_grab_device_indev
libdc1394_indev'
INFOPATH=/usr/local/info:/usr/share/info:/usr/info
JAVA_HOME='C:\Program Files\Java\jdk1.6.0_13'
LANG=zh_CN.UTF-8
LC_ALL=C
LDFLAGS=' -L/cygdrive/g/android-ndk-r5/platforms/android-9/arch-arm/usr/lib -nostdlib'
LIBNAME='$(LIBPREF)$(FULLNAME)$(LIBSUF)'
LIBPREF=lib
LIBSUF=.a
LIB_INSTALL_EXTRA_CMD='$$(RANLIB) "$(LIBDIR)/$(LIBNAME)"'
LOCALAPPDATA='C:\Users\lenovo\AppData\Local'
LOGONSERVER='\\LENOVO-PC'
LenovoTestLogFile='c:\prdv10\PRELOAD.LOG'
LenovoTestPath='c:\prdv10\'
MACHTYPE=i686-pc-cygwin
MUXER_LIST='ac3_muxer
adts_muxer
aiff_muxer
amr_muxer
asf_muxer
ass_muxer
asf_stream_muxer
au_muxer
avi_muxer
avm2_muxer
crc_muxer
daud_muxer
dirac_muxer
dnxhd_muxer
dts_muxer
dv_muxer
eac3_muxer
ffm_muxer
filmstrip_muxer
flac_muxer
flv_muxer
framecrc_muxer
framemd5_muxer
gif_muxer
gxf_muxer
h261_muxer
h263_muxer
h264_muxer
image2_muxer
image2pipe_muxer
ipod_muxer
m4v_muxer
md5_muxer
matroska_muxer
matroska_audio_muxer
mjpeg_muxer
mlp_muxer
mmf_muxer
mov_muxer
mp2_muxer
mp3_muxer
mp4_muxer
mpeg1system_muxer
mpeg1vcd_muxer
mpeg1video_muxer
mpeg2dvd_muxer
mpeg2svcd_muxer
mpeg2video_muxer
mpeg2vob_muxer
mpegts_muxer
mpjpeg_muxer
mxf_muxer
mxf_d10_muxer
null_muxer
nut_muxer
ogg_muxer
pcm_alaw_muxer
pcm_mulaw_muxer
pcm_f64be_muxer
pcm_f64le_muxer
pcm_f32be_muxer
pcm_f32le_muxer
pcm_s32be_muxer
pcm_s32le_muxer
pcm_s24be_muxer
pcm_s24le_muxer
pcm_s16be_muxer
pcm_s16le_muxer
pcm_s8_muxer
pcm_u32be_muxer
pcm_u32le_muxer
pcm_u24be_muxer
pcm_u24le_muxer
pcm_u16be_muxer
pcm_u16le_muxer
pcm_u8_muxer
psp_muxer
rawvideo_muxer
rm_muxer
roq_muxer
rtp_muxer
rtsp_muxer
sox_muxer
spdif_muxer
swf_muxer
tg2_muxer
tgp_muxer
truehd_muxer
vc1t_muxer
voc_muxer
wav_muxer
webm_muxer
yuv4mpegpipe_muxer
libnut_muxer'
NDKROOT='G:\android-ndk-r5'
NUMBER_OF_PROCESSORS=4
OPTERR=1
OPTIND=1
ORIGINAL_PATH='/cygdrive/c/windows/system32:/cygdrive/c/windows:/cygdrive/c/windows/System32/Wbem:/cygdrive/c/windows/System32/WindowsPowerShell/v1.0:/cygdrive/c/Program Files/ATI Technologies/ATI.ACE/Core-Static:/cygdrive/c/Program Files/Lenovo/Bluetooth Software:/cygdrive/c/Program Files/Common Files/Thunder Network/KanKan/Codecs:/cygdrive/c/Program Files/MATLAB/R2009a/bin:/cygdrive/c/Program Files/MATLAB/R2009a/bin/win32:/cygdrive/c/Program Files/Microsoft SQL Server/90/Tools/binn: C:/Program Files/Java/jdk1.6.0_13/bin:/cygdrive/c/Program Files/Java/jdk1.6.0_13/jre/bin:/cygdrive/c/Program Files/TortoiseSVN/bin:/cygdrive/d/python27/Scripts:/cygdrive/d/python27:/cygdrive/g/开发工具/adt-bundle-windows-x86-20140702/sdk:/cygdrive/c/Program Files/Java/jdk1.6.0_13:/cygdrive/g/android-ndk-r5:/cygdrive/c/Program Files/Microsoft Visual Studio/Common/Tools/WinNT:/cygdrive/c/Program Files/Microsoft Visual Studio/Common/MSDev98/Bin:/cygdrive/c/Program Files/Microsoft Visual Studio/Common/Tools:/cygdrive/c/Program Files/Microsoft Visual Studio/VC98/bin:/cygdrive/c/Program Files/OpenCV/bin:/cygdrive/c/Program Files/IDM Computer Solutions/UltraEdit'
OS=Windows_NT
OSTYPE=cygwin
OUTDEV_LIST='alsa_outdev
oss_outdev'
PARSER_LIST='aac_parser
ac3_parser
cavsvideo_parser
dca_parser
dirac_parser
dnxhd_parser
dvbsub_parser
dvdsub_parser
h261_parser
h263_parser
h264_parser
mjpeg_parser
mlp_parser
mpeg4video_parser
mpegaudio_parser
mpegvideo_parser
pnm_parser
vc1_parser
vp3_parser
vp8_parser'
PATH='/usr/local/bin:/usr/bin:/cygdrive/c/windows/system32:/cygdrive/c/windows:/cygdrive/c/windows/System32/Wbem:/cygdrive/c/windows/System32/WindowsPowerShell/v1.0:/cygdrive/c/Program Files/ATI Technologies/ATI.ACE/Core-Static:/cygdrive/c/Program Files/Lenovo/Bluetooth Software:/cygdrive/c/Program Files/Common Files/Thunder Network/KanKan/Codecs:/cygdrive/c/Program Files/MATLAB/R2009a/bin:/cygdrive/c/Program Files/MATLAB/R2009a/bin/win32:/cygdrive/c/Program Files/Microsoft SQL Server/90/Tools/binn: C:/Program Files/Java/jdk1.6.0_13/bin:/cygdrive/c/Program Files/Java/jdk1.6.0_13/jre/bin:/cygdrive/c/Program Files/TortoiseSVN/bin:/cygdrive/d/python27/Scripts:/cygdrive/d/python27:/cygdrive/g/开发工具/adt-bundle-windows-x86-20140702/sdk:/cygdrive/c/Program Files/Java/jdk1.6.0_13:/cygdrive/g/android-ndk-r5:/cygdrive/c/Program Files/Microsoft Visual Studio/Common/Tools/WinNT:/cygdrive/c/Program Files/Microsoft Visual Studio/Common/MSDev98/Bin:/cygdrive/c/Program Files/Microsoft Visual Studio/Common/Tools:/cygdrive/c/Program Files/Microsoft Visual Studio/VC98/bin:/cygdrive/c/Program Files/OpenCV/bin:/cygdrive/c/Program Files/IDM Computer Solutions/UltraEdit:/usr/lib/lapack'
PATHEXT='.COM;.EXE;.BAT;.CMD;.VBS;.VBE;.JS;.JSE;.WSF;.WSH;.MSC'
PATHS_LIST='
    bindir
    datadir
    incdir
    libdir
    mandir
    prefix
    shlibdir
'
PIPESTATUS=([0]="0")
POSIXLY_CORRECT=y
PPID=6084
PRINTER='\\192.168.16.247\Developer_Area_Printer'
PROCESSOR_ARCHITECTURE=x86
PROCESSOR_IDENTIFIER='x86 Family 6 Model 37 Stepping 5, GenuineIntel'
PROCESSOR_LEVEL=6
PROCESSOR_REVISION=2505
PROFILEREAD=true
PROGRAMFILES='C:\Program Files'
PROTOCOL_LIST='file_protocol
gopher_protocol
http_protocol
mmst_protocol
pipe_protocol
rtmp_protocol
rtmpt_protocol
rtmpe_protocol
rtmpte_protocol
rtmps_protocol
rtp_protocol
tcp_protocol
udp_protocol
concat_protocol'
PS4='+ '
PSModulePath='C:\windows\system32\WindowsPowerShell\v1.0\Modules\'
PUBLIC='C:\Users\Public'
PWD=/cygdrive/g/android_project/SurfaceDraw/jni/libffmpeg
ProgramData='C:\ProgramData'
SESSIONNAME=Console
SHELL=/bin/bash
SHELLOPTS=braceexpand:hashall:interactive-comments:posix
SHFLAGS='-shared -Wl,-soname,$$(@F)'
SHLVL=3
SLIBNAME='$(SLIBPREF)$(FULLNAME)$(SLIBSUF)'
SLIBNAME_WITH_MAJOR='$(SLIBNAME).$(LIBMAJOR)'
SLIBNAME_WITH_VERSION='$(SLIBNAME).$(LIBVERSION)'
SLIBPREF=lib
SLIBSUF=.so
SYSTEMDRIVE=C:
SYSTEMROOT='C:\windows'
TEMP=/tmp
TERM=xterm
THREADS_LIST='
    beosthreads
    os2threads
    pthreads
    w32threads
'
TMP=/tmp
TZ=Asia/Shanghai
UID=1000
USER=lenovo
USERDOMAIN=lenovo-PC
USERNAME=lenovo
USERPROFILE='C:\Users\lenovo'
VS90COMNTOOLS='d:\vs2008\Common7\Tools\'
WINDIR='C:\windows'
_='# ./configure --disable-static --enable-asm --cpu=cortex-a8 --arch=armv7 --enable-neon --enable-shared --enable-memalign-hack --disable-network --disable-muxers --disable-protocols --disable-demuxers --disable-encoders --disable-parsers --disable-bsfs --enable-gpl --enable-version3 --enable-nonfree --disable-doc --disable-ffmpeg --disable-ffplay --disable-ffprobe --disable-ffserver --disable-avdevice --disable-devices --enable-small --cross-prefix=/cygdrive/g/android-ndk-r5/toolchains/arm-linux-androideabi-4.4.3/prebuilt/windows/bin/arm-linux-androideabi- --enable-cross-compile --target-os=linux --extra-cflags='\''-I$ndk/platforms/android-9/arch-arm/usr/include -mfpu=neon -mfloat-abi=softfp'\'' --extra-ldflags='\''-L$ndk/platforms/android-9/arch-arm/usr/lib -nostdlib'\'' --arch=arm --disable-debug --disable-stripping --disable-armv5te --disable-armv6 --disable-armv6t2'
aac_adtstoasc_bsf_select=aac_parser
aac_decoder=yes
aac_decoder_select='mdct rdft aac_parser'
aac_encoder_select=mdct
aasc_decoder=yes
ac3_decoder=yes
ac3_decoder_select='mdct ac3_parser'
ac3_demuxer_deps=ac3_parser
action=disable
adpcm_4xm_decoder=yes
adpcm_adx_decoder=yes
adpcm_ct_decoder=yes
adpcm_ea_decoder=yes
adpcm_ea_maxis_xa_decoder=yes
adpcm_ea_r1_decoder=yes
adpcm_ea_r2_decoder=yes
adpcm_ea_r3_decoder=yes
adpcm_ea_xas_decoder=yes
adpcm_g726_decoder=yes
adpcm_ima_amv_decoder=yes
adpcm_ima_dk3_decoder=yes
adpcm_ima_dk4_decoder=yes
adpcm_ima_ea_eacs_decoder=yes
adpcm_ima_ea_sead_decoder=yes
adpcm_ima_iss_decoder=yes
adpcm_ima_qt_decoder=yes
adpcm_ima_smjpeg_decoder=yes
adpcm_ima_wav_decoder=yes
adpcm_ima_ws_decoder=yes
adpcm_ms_decoder=yes
adpcm_sbpro_2_decoder=yes
adpcm_sbpro_3_decoder=yes
adpcm_sbpro_4_decoder=yes
adpcm_swf_decoder=yes
adpcm_thp_decoder=yes
adpcm_xa_decoder=yes
adpcm_yamaha_decoder=yes
alac_decoder=yes
alac_encoder_select=lpc
als_decoder=yes
alsa_indev=no
alsa_indev_deps='alsa_asoundlib_h snd_pcm_htimestamp'
alsa_indev_extralibs=-lasound
alsa_outdev=no
alsa_outdev_deps=alsa_asoundlib_h
alsa_outdev_extralibs=-lasound
altivec=yes
altivec_deps=ppc
amd3dnow=yes
amd3dnow_deps=mmx
amd3dnowext=yes
amd3dnowext_deps=amd3dnow
amrnb_decoder=yes
amrnb_decoder_select=lsp
amv_decoder=yes
anm_decoder=yes
ape_decoder=yes
ar_default=ar
arch=arm
arch_default=i686
armv5te=no
armv5te_deps=arm
armv6=no
armv6_deps=arm
armv6t2=no
armv6t2_deps=arm
armvfp=yes
armvfp_deps=arm
asf_stream_muxer_select=asf_muxer
asm=yes
aspect_filter=yes
asv1_decoder=yes
asv2_decoder=yes
atrac1_decoder=yes
atrac1_decoder_select=mdct
atrac3_decoder=yes
atrac3_decoder_select=mdct
aura2_decoder=yes
aura_decoder=yes
avcodec=yes
avdevice=no
avdevice_deps='avcodec avformat'
avfilter=yes
avfilter_lavf_deps=avformat
avformat=yes
avformat_deps=avcodec
avisynth_demuxer_deps=avisynth
avs_decoder=yes
avutil=yes
bethsoftvid_decoder=yes
bfi_decoder=yes
bindir_default='${prefix}/bin'
bink_decoder=yes
binkaudio_dct_decoder=yes
binkaudio_dct_decoder_select='mdct rdft dct'
binkaudio_rdft_decoder=yes
binkaudio_rdft_decoder_select='mdct rdft'
bktr_indev=no
bktr_indev_deps_any='dev_bktr_ioctl_bt848_h machine_ioctl_bt848_h dev_video_bktr_ioctl_bt848_h dev_ic_bt8xx_h'
bmp_decoder=yes
bsfs_if_any='aac_adtstoasc_bsf
chomp_bsf
dump_extradata_bsf
h264_mp4toannexb_bsf
imx_dump_header_bsf
mjpega_dump_header_bsf
mp3_header_compress_bsf
mp3_header_decompress_bsf
mov2textsub_bsf
noise_bsf
remove_extradata_bsf
text2movsub_bsf'
buffer_filter=yes
c93_decoder=yes
cavs_decoder=yes
cavs_decoder_select=golomb
cc_default=gcc
cc_version='"unknown"'
cdgraphics_decoder=yes
cinepak_decoder=yes
classpath='.;C:\Program Files\Java\jdk1.6.0_13\lib\dt.jar;C:\Program Files\Java\jdk1.6.0_13\lib\tools.jar;'
cljr_decoder=yes
configsetroot='C:\windows\ConfigSetRoot'
cook_decoder=yes
cook_decoder_select=mdct
cpu=cortex-a8
crop_filter=yes
cross_compile=yes
cross_prefix=/cygdrive/g/android-ndk-r5/toolchains/arm-linux-androideabi-4.4.3/prebuilt/windows/bin/arm-linux-androideabi-
cscd_decoder=yes
cscd_decoder_suggest=zlib
cyuv_decoder=yes
datadir_default='${prefix}/share/ffmpeg'
dca_decoder=yes
dca_decoder_select=mdct
debug=no
decoders_if_any='aasc_decoder
amv_decoder
anm_decoder
asv1_decoder
asv2_decoder
aura_decoder
aura2_decoder
avs_decoder
bethsoftvid_decoder
bfi_decoder
bink_decoder
bmp_decoder
c93_decoder
cavs_decoder
cdgraphics_decoder
cinepak_decoder
cljr_decoder
cscd_decoder
cyuv_decoder
dnxhd_decoder
dpx_decoder
dsicinvideo_decoder
dvvideo_decoder
dxa_decoder
eacmv_decoder
eamad_decoder
eatgq_decoder
eatgv_decoder
eatqi_decoder
eightbps_decoder
eightsvx_exp_decoder
eightsvx_fib_decoder
escape124_decoder
ffv1_decoder
ffvhuff_decoder
flashsv_decoder
flic_decoder
flv_decoder
fourxm_decoder
fraps_decoder
frwu_decoder
gif_decoder
h261_decoder
h263_decoder
h263i_decoder
h264_decoder
h264_vdpau_decoder
huffyuv_decoder
idcin_decoder
iff_byterun1_decoder
iff_ilbm_decoder
indeo2_decoder
indeo3_decoder
indeo5_decoder
interplay_video_decoder
jpegls_decoder
kgv1_decoder
kmvc_decoder
loco_decoder
mdec_decoder
mimic_decoder
mjpeg_decoder
mjpegb_decoder
mmvideo_decoder
motionpixels_decoder
mpeg_xvmc_decoder
mpeg1video_decoder
mpeg2video_decoder
mpeg4_decoder
mpeg4_vdpau_decoder
mpegvideo_decoder
mpeg_vdpau_decoder
mpeg1_vdpau_decoder
msmpeg4v1_decoder
msmpeg4v2_decoder
msmpeg4v3_decoder
msrle_decoder
msvideo1_decoder
mszh_decoder
nuv_decoder
pam_decoder
pbm_decoder
pcx_decoder
pgm_decoder
pgmyuv_decoder
pictor_decoder
png_decoder
ppm_decoder
ptx_decoder
qdraw_decoder
qpeg_decoder
qtrle_decoder
r210_decoder
rawvideo_decoder
rl2_decoder
roq_decoder
rpza_decoder
rv10_decoder
rv20_decoder
rv30_decoder
rv40_decoder
sgi_decoder
smacker_decoder
smc_decoder
snow_decoder
sp5x_decoder
sunrast_decoder
svq1_decoder
svq3_decoder
targa_decoder
theora_decoder
thp_decoder
tiertexseqvideo_decoder
tiff_decoder
tmv_decoder
truemotion1_decoder
truemotion2_decoder
tscc_decoder
txd_decoder
ulti_decoder
v210_decoder
v210x_decoder
vb_decoder
vc1_decoder
vc1_vdpau_decoder
vcr1_decoder
vmdvideo_decoder
vmnc_decoder
vp3_decoder
vp5_decoder
vp6_decoder
vp6a_decoder
vp6f_decoder
vqa_decoder
wmv1_decoder
wmv2_decoder
wmv3_decoder
wmv3_vdpau_decoder
wnv1_decoder
xan_wc3_decoder
xl_decoder
yop_decoder
zlib_decoder
zmbv_decoder
aac_decoder
ac3_decoder
alac_decoder
als_decoder
amrnb_decoder
ape_decoder
atrac1_decoder
atrac3_decoder
binkaudio_dct_decoder
binkaudio_rdft_decoder
cook_decoder
dca_decoder
dsicinaudio_decoder
eac3_decoder
flac_decoder
imc_decoder
mace3_decoder
mace6_decoder
mlp_decoder
mp1_decoder
mp1float_decoder
mp2_decoder
mp2float_decoder
mp3_decoder
mp3float_decoder
mp3adu_decoder
mp3adufloat_decoder
mp3on4_decoder
mp3on4float_decoder
mpc7_decoder
mpc8_decoder
nellymoser_decoder
qcelp_decoder
qdm2_decoder
ra_144_decoder
ra_288_decoder
shorten_decoder
sipr_decoder
smackaud_decoder
sonic_decoder
truehd_decoder
truespeech_decoder
tta_decoder
twinvq_decoder
vmdaudio_decoder
vorbis_decoder
wavpack_decoder
wmapro_decoder
wmav1_decoder
wmav2_decoder
wmavoice_decoder
ws_snd1_decoder
pcm_alaw_decoder
pcm_bluray_decoder
pcm_dvd_decoder
pcm_f32be_decoder
pcm_f32le_decoder
pcm_f64be_decoder
pcm_f64le_decoder
pcm_mulaw_decoder
pcm_s8_decoder
pcm_s16be_decoder
pcm_s16le_decoder
pcm_s16le_planar_decoder
pcm_s24be_decoder
pcm_s24daud_decoder
pcm_s24le_decoder
pcm_s32be_decoder
pcm_s32le_decoder
pcm_u8_decoder
pcm_u16be_decoder
pcm_u16le_decoder
pcm_u24be_decoder
pcm_u24le_decoder
pcm_u32be_decoder
pcm_u32le_decoder
pcm_zork_decoder
interplay_dpcm_decoder
roq_dpcm_decoder
sol_dpcm_decoder
xan_dpcm_decoder
adpcm_4xm_decoder
adpcm_adx_decoder
adpcm_ct_decoder
adpcm_ea_decoder
adpcm_ea_maxis_xa_decoder
adpcm_ea_r1_decoder
adpcm_ea_r2_decoder
adpcm_ea_r3_decoder
adpcm_ea_xas_decoder
adpcm_g726_decoder
adpcm_ima_amv_decoder
adpcm_ima_dk3_decoder
adpcm_ima_dk4_decoder
adpcm_ima_ea_eacs_decoder
adpcm_ima_ea_sead_decoder
adpcm_ima_iss_decoder
adpcm_ima_qt_decoder
adpcm_ima_smjpeg_decoder
adpcm_ima_wav_decoder
adpcm_ima_ws_decoder
adpcm_ms_decoder
adpcm_sbpro_2_decoder
adpcm_sbpro_3_decoder
adpcm_sbpro_4_decoder
adpcm_swf_decoder
adpcm_thp_decoder
adpcm_xa_decoder
adpcm_yamaha_decoder
dvbsub_decoder
dvdsub_decoder
pgssub_decoder
xsub_decoder
libdirac_decoder
libgsm_decoder
libgsm_ms_decoder
libopencore_amrnb_decoder
libopencore_amrwb_decoder
libopenjpeg_decoder
libschroedinger_decoder
libspeex_decoder
libvpx_decoder'
demuxers_if_any='aac_demuxer
ac3_demuxer
aea_demuxer
aiff_demuxer
amr_demuxer
anm_demuxer
apc_demuxer
ape_demuxer
asf_demuxer
ass_demuxer
au_demuxer
avi_demuxer
avisynth_demuxer
avs_demuxer
bethsoftvid_demuxer
bfi_demuxer
bink_demuxer
c93_demuxer
caf_demuxer
cavsvideo_demuxer
cdg_demuxer
daud_demuxer
dirac_demuxer
dnxhd_demuxer
dsicin_demuxer
dts_demuxer
dv_demuxer
dxa_demuxer
ea_demuxer
ea_cdata_demuxer
eac3_demuxer
ffm_demuxer
filmstrip_demuxer
flac_demuxer
flic_demuxer
flv_demuxer
fourxm_demuxer
gsm_demuxer
gxf_demuxer
h261_demuxer
h263_demuxer
h264_demuxer
idcin_demuxer
iff_demuxer
image2_demuxer
image2pipe_demuxer
ingenient_demuxer
ipmovie_demuxer
iss_demuxer
iv8_demuxer
ivf_demuxer
lmlm4_demuxer
m4v_demuxer
matroska_demuxer
mjpeg_demuxer
mlp_demuxer
mm_demuxer
mmf_demuxer
mov_demuxer
mp3_demuxer
mpc_demuxer
mpc8_demuxer
mpegps_demuxer
mpegts_demuxer
mpegtsraw_demuxer
mpegvideo_demuxer
msnwc_tcp_demuxer
mtv_demuxer
mvi_demuxer
mxf_demuxer
nc_demuxer
nsv_demuxer
nut_demuxer
nuv_demuxer
ogg_demuxer
oma_demuxer
pcm_alaw_demuxer
pcm_mulaw_demuxer
pcm_f64be_demuxer
pcm_f64le_demuxer
pcm_f32be_demuxer
pcm_f32le_demuxer
pcm_s32be_demuxer
pcm_s32le_demuxer
pcm_s24be_demuxer
pcm_s24le_demuxer
pcm_s16be_demuxer
pcm_s16le_demuxer
pcm_s8_demuxer
pcm_u32be_demuxer
pcm_u32le_demuxer
pcm_u24be_demuxer
pcm_u24le_demuxer
pcm_u16be_demuxer
pcm_u16le_demuxer
pcm_u8_demuxer
pva_demuxer
qcp_demuxer
r3d_demuxer
rawvideo_demuxer
rl2_demuxer
rm_demuxer
roq_demuxer
rpl_demuxer
rtsp_demuxer
sdp_demuxer
segafilm_demuxer
shorten_demuxer
siff_demuxer
smacker_demuxer
sol_demuxer
sox_demuxer
str_demuxer
swf_demuxer
thp_demuxer
tiertexseq_demuxer
tmv_demuxer
truehd_demuxer
tta_demuxer
txd_demuxer
vc1_demuxer
vc1t_demuxer
vmd_demuxer
voc_demuxer
vqf_demuxer
w64_demuxer
wav_demuxer
wc3_demuxer
wsaud_demuxer
wsvqa_demuxer
wv_demuxer
xa_demuxer
yop_demuxer
yuv4mpegpipe_demuxer
libnut_demuxer'
dirac_demuxer_deps=dirac_parser
dnxhd_decoder=yes
dnxhd_encoder_select=aandct
doc=no
doc_deps=texi2html
dpx_decoder=yes
dsicinaudio_decoder=yes
dsicinvideo_decoder=yes
dv1394_indev=no
dv1394_indev_deps='dv1394 dv_demuxer'
dvbsub_decoder=yes
dvdsub_decoder=yes
dvvideo_decoder=yes
dxa_decoder=yes
dxa_decoder_select=zlib
eac3_decoder=yes
eac3_decoder_select=ac3_decoder
eac3_demuxer_select=ac3_parser
eacmv_decoder=yes
eamad_decoder=yes
eamad_decoder_select=aandct
easy_install='D:\python27\Scripts'
eatgq_decoder=yes
eatgq_decoder_select=aandct
eatgv_decoder=yes
eatqi_decoder=yes
eatqi_decoder_select=aandct
eightbps_decoder=yes
eightsvx_exp_decoder=yes
eightsvx_fib_decoder=yes
encoders_if_any='asv1_encoder
asv2_encoder
bmp_encoder
dnxhd_encoder
dvvideo_encoder
ffv1_encoder
ffvhuff_encoder
flashsv_encoder
flv_encoder
gif_encoder
h261_encoder
h263_encoder
h263p_encoder
huffyuv_encoder
jpegls_encoder
ljpeg_encoder
mjpeg_encoder
mpeg1video_encoder
mpeg2video_encoder
mpeg4_encoder
msmpeg4v1_encoder
msmpeg4v2_encoder
msmpeg4v3_encoder
pam_encoder
pbm_encoder
pcx_encoder
pgm_encoder
pgmyuv_encoder
png_encoder
ppm_encoder
qtrle_encoder
rawvideo_encoder
roq_encoder
rv10_encoder
rv20_encoder
sgi_encoder
snow_encoder
svq1_encoder
targa_encoder
tiff_encoder
v210_encoder
wmv1_encoder
wmv2_encoder
zlib_encoder
zmbv_encoder
aac_encoder
ac3_encoder
alac_encoder
flac_encoder
mp2_encoder
nellymoser_encoder
ra_144_encoder
sonic_encoder
sonic_ls_encoder
vorbis_encoder
wmav1_encoder
wmav2_encoder
pcm_alaw_encoder
pcm_f32be_encoder
pcm_f32le_encoder
pcm_f64be_encoder
pcm_f64le_encoder
pcm_mulaw_encoder
pcm_s8_encoder
pcm_s16be_encoder
pcm_s16le_encoder
pcm_s24be_encoder
pcm_s24daud_encoder
pcm_s24le_encoder
pcm_s32be_encoder
pcm_s32le_encoder
pcm_u8_encoder
pcm_u16be_encoder
pcm_u16le_encoder
pcm_u24be_encoder
pcm_u24le_encoder
pcm_u32be_encoder
pcm_u32le_encoder
pcm_zork_encoder
roq_dpcm_encoder
adpcm_adx_encoder
adpcm_g726_encoder
adpcm_ima_qt_encoder
adpcm_ima_wav_encoder
adpcm_ms_encoder
adpcm_swf_encoder
adpcm_yamaha_encoder
dvbsub_encoder
dvdsub_encoder
xsub_encoder
libdirac_encoder
libfaac_encoder
libgsm_encoder
libgsm_ms_encoder
libmp3lame_encoder
libopencore_amrnb_encoder
libschroedinger_encoder
libtheora_encoder
libvorbis_encoder
libvpx_encoder
libx264_encoder
libxvid_encoder'
escape124_decoder=yes
extra_cflags=' -I/cygdrive/g/android-ndk-r5/platforms/android-9/arch-arm/usr/include -mfpu=neon -mfloat-abi=softfp'
fast_64bit_if_any='alpha ia64 mips64 parisc64 ppc64 sparc64 x86_64'
fast_clz_if_any='alpha armv5te avr32 mips ppc x86'
fast_unaligned_if_any='armv6 ppc x86'
fastdiv=yes
ffmpeg=no
ffmpeg_deps='avcodec avformat swscale'
ffmpeg_select=buffer_filter
ffplay=no
ffplay_deps='avcodec avformat swscale sdl'
ffplay_select=rdft
ffprobe=no
ffprobe_deps='avcodec avformat'
ffserver=no
ffserver_deps='avformat ffm_muxer rtp_protocol rtsp_demuxer'
ffserver_extralibs='$ldl'
ffv1_decoder=yes
ffv1_decoder_select=golomb
ffvhuff_decoder=yes
filters_if_any='aspect_filter
crop_filter
format_filter
noformat_filter
null_filter
pad_filter
pixelaspect_filter
scale_filter
slicify_filter
unsharp_filter
vflip_filter
buffer_filter
nullsrc_filter
nullsink_filter'
flac_decoder=yes
flac_decoder_select=golomb
flac_encoder_select='golomb lpc'
flashsv_decoder=yes
flashsv_decoder_select=zlib
flashsv_encoder_select=zlib
flic_decoder=yes
flv_decoder=yes
flv_decoder_select=h263_decoder
flv_encoder_select=h263_encoder
format_filter=yes
fourxm_decoder=yes
fraps_decoder=yes
frwu_decoder=yes
gif_decoder=yes
gopher_protocol_deps=network
gpl=yes
h261_decoder=yes
h261_encoder_select=aandct
h263_decoder=yes
h263_decoder_select=h263_parser
h263_encoder_select=aandct
h263_vaapi_hwaccel=yes
h263_vaapi_hwaccel_select='vaapi h263_decoder'
h263i_decoder=yes
h263i_decoder_select=h263_decoder
h263p_encoder_select=h263_encoder
h264_decoder=yes
h264_decoder_select='golomb h264dsp'
h264_dxva2_hwaccel=yes
h264_dxva2_hwaccel_deps=dxva2api_h
h264_dxva2_hwaccel_select='dxva2 h264_decoder'
h264_parser_select='golomb h264dsp'
h264_vaapi_hwaccel=yes
h264_vaapi_hwaccel_select=vaapi
h264_vdpau_decoder=yes
h264_vdpau_decoder_select='vdpau h264_decoder'
host_cc_default=gcc
host_cflags='-D_ISOC99_SOURCE -D_POSIX_C_SOURCE=200112 -O3 -g -Wall'
host_libs=-lm
host_os=cygwin_nt-6.1
http_protocol_deps=network
http_protocol_select=tcp_protocol
huffyuv_decoder=yes
hwaccels_if_any='h263_vaapi_hwaccel
h264_dxva2_hwaccel
h264_vaapi_hwaccel
mpeg2_dxva2_hwaccel
mpeg2_vaapi_hwaccel
mpeg4_vaapi_hwaccel
vc1_dxva2_hwaccel
vc1_vaapi_hwaccel
wmv3_dxva2_hwaccel
wmv3_vaapi_hwaccel'
idcin_decoder=yes
iff_byterun1_decoder=yes
iff_ilbm_decoder=yes
imc_decoder=yes
imc_decoder_select='fft mdct'
incdir_default='${prefix}/include'
include='C:\Program Files\Microsoft Visual Studio\VC98\atl\include;C:\Program Files\Microsoft Visual Studio\VC98\mfc\include;C:\Program Files\Microsoft Visual Studio\VC98\include'
indeo2_decoder=yes
indeo3_decoder=yes
indeo5_decoder=yes
indevs_if_any='alsa_indev
bktr_indev
dv1394_indev
jack_indev
oss_indev
v4l2_indev
v4l_indev
vfwcap_indev
x11_grab_device_indev
libdc1394_indev'
inline_asm_deps='!tms470'
interplay_dpcm_decoder=yes
interplay_video_decoder=yes
ipod_muxer_select=mov_muxer
iwmmxt=yes
iwmmxt_deps=arm
jack_indev=no
jack_indev_deps=jack_jack_h
jack_indev_extralibs=-ljack
jpegls_decoder=yes
jpegls_decoder_select=golomb
jpegls_encoder_select=golomb
kgv1_decoder=yes
kmvc_decoder=yes
l=
lib='C:\Program Files\Microsoft Visual Studio\VC98\mfc\lib;C:\Program Files\Microsoft Visual Studio\VC98\lib'
libdc1394_indev=no
libdc1394_indev_deps=libdc1394
libdir_default='${prefix}/lib'
libdirac_decoder=yes
libdirac_decoder_deps='libdirac !libschroedinger'
libdirac_encoder_deps=libdirac
libfaac_encoder_deps=libfaac
libgsm_decoder=yes
libgsm_decoder_deps=libgsm
libgsm_encoder_deps=libgsm
libgsm_ms_decoder=yes
libgsm_ms_decoder_deps=libgsm
libgsm_ms_encoder_deps=libgsm
libmp3lame_encoder_deps=libmp3lame
libnut_demuxer_deps=libnut
libnut_muxer_deps=libnut
libopencore_amrnb_decoder=yes
libopencore_amrnb_decoder_deps=libopencore_amrnb
libopencore_amrnb_encoder_deps=libopencore_amrnb
libopencore_amrwb_decoder=yes
libopencore_amrwb_decoder_deps=libopencore_amrwb
libopenjpeg_decoder=yes
libopenjpeg_decoder_deps=libopenjpeg
libschroedinger_decoder=yes
libschroedinger_decoder_deps=libschroedinger
libschroedinger_encoder_deps=libschroedinger
libspeex_decoder=yes
libspeex_decoder_deps=libspeex
libtheora_encoder_deps=libtheora
libvorbis_encoder_deps=libvorbis
libvpx_decoder=yes
libvpx_decoder_deps=libvpx
libvpx_encoder_deps=libvpx
libx264_encoder_deps=libx264
libxvid_encoder_deps=libxvid
ljpeg_encoder_select=aandct
ln_s='ln -sf'
loco_decoder=yes
loco_decoder_select=golomb
logfile=config.log
mace3_decoder=yes
mace6_decoder=yes
mandir_default='${prefix}/share/man'
matroska_audio_muxer_select=matroska_muxer
matroska_demuxer_suggest='zlib bzlib'
mdct_select=fft
mdec_decoder=yes
memalign_hack=yes
mimic_decoder=yes
mjpeg_decoder=yes
mjpeg_encoder_select=aandct
mjpegb_decoder=yes
mlp_decoder=yes
mlp_decoder_select=mlp_parser
mmi=yes
mmi_deps=mips
mmst_protocol_deps=network
mmvideo_decoder=yes
mmx=yes
mmx2=yes
mmx2_deps=mmx
mmx_deps=x86
motionpixels_decoder=yes
mov_demuxer_suggest=zlib
movie_filter_deps=avfilter_lavf
mp1_decoder=yes
mp1float_decoder=yes
mp2_decoder=yes
mp2float_decoder=yes
mp3_decoder=yes
mp3_demuxer_deps=mpegaudio_parser
mp3adu_decoder=yes
mp3adufloat_decoder=yes
mp3float_decoder=yes
mp3on4_decoder=yes
mp3on4float_decoder=yes
mp4_muxer_select=mov_muxer
mpc7_decoder=yes
mpc8_decoder=yes
mpeg1_vdpau_decoder=yes
mpeg1_vdpau_decoder_select='vdpau mpeg1video_decoder'
mpeg1video_decoder=yes
mpeg1video_encoder_select=aandct
mpeg2_dxva2_hwaccel=yes
mpeg2_dxva2_hwaccel_deps=dxva2api_h
mpeg2_dxva2_hwaccel_select='dxva2 mpeg2video_decoder'
mpeg2_vaapi_hwaccel=yes
mpeg2_vaapi_hwaccel_select='vaapi mpeg2video_decoder'
mpeg2video_decoder=yes
mpeg2video_encoder_select=aandct
mpeg4_decoder=yes
mpeg4_decoder_select='h263_decoder mpeg4video_parser'
mpeg4_encoder_select=h263_encoder
mpeg4_vaapi_hwaccel=yes
mpeg4_vaapi_hwaccel_select='vaapi mpeg4_decoder'
mpeg4_vdpau_decoder=yes
mpeg4_vdpau_decoder_select='vdpau mpeg4_decoder'
mpeg_vdpau_decoder=yes
mpeg_vdpau_decoder_select='vdpau mpegvideo_decoder'
mpeg_xvmc_decoder=yes
mpeg_xvmc_decoder_deps=X11_extensions_XvMClib_h
mpeg_xvmc_decoder_select=mpegvideo_decoder
mpegaudio_hp=yes
mpegtsraw_demuxer_select=mpegts_demuxer
mpegvideo_decoder=yes
msmpeg4v1_decoder=yes
msmpeg4v1_decoder_select=h263_decoder
msmpeg4v1_encoder_select=h263_encoder
msmpeg4v2_decoder=yes
msmpeg4v2_decoder_select=h263_decoder
msmpeg4v2_encoder_select=h263_encoder
msmpeg4v3_decoder=yes
msmpeg4v3_decoder_select=h263_decoder
msmpeg4v3_encoder_select=h263_encoder
msrle_decoder=yes
msvideo1_decoder=yes
mszh_decoder=yes
muxers_if_any='ac3_muxer
adts_muxer
aiff_muxer
amr_muxer
asf_muxer
ass_muxer
asf_stream_muxer
au_muxer
avi_muxer
avm2_muxer
crc_muxer
daud_muxer
dirac_muxer
dnxhd_muxer
dts_muxer
dv_muxer
eac3_muxer
ffm_muxer
filmstrip_muxer
flac_muxer
flv_muxer
framecrc_muxer
framemd5_muxer
gif_muxer
gxf_muxer
h261_muxer
h263_muxer
h264_muxer
image2_muxer
image2pipe_muxer
ipod_muxer
m4v_muxer
md5_muxer
matroska_muxer
matroska_audio_muxer
mjpeg_muxer
mlp_muxer
mmf_muxer
mov_muxer
mp2_muxer
mp3_muxer
mp4_muxer
mpeg1system_muxer
mpeg1vcd_muxer
mpeg1video_muxer
mpeg2dvd_muxer
mpeg2svcd_muxer
mpeg2video_muxer
mpeg2vob_muxer
mpegts_muxer
mpjpeg_muxer
mxf_muxer
mxf_d10_muxer
null_muxer
nut_muxer
ogg_muxer
pcm_alaw_muxer
pcm_mulaw_muxer
pcm_f64be_muxer
pcm_f64le_muxer
pcm_f32be_muxer
pcm_f32le_muxer
pcm_s32be_muxer
pcm_s32le_muxer
pcm_s24be_muxer
pcm_s24le_muxer
pcm_s16be_muxer
pcm_s16le_muxer
pcm_s8_muxer
pcm_u32be_muxer
pcm_u32le_muxer
pcm_u24be_muxer
pcm_u24le_muxer
pcm_u16be_muxer
pcm_u16le_muxer
pcm_u8_muxer
psp_muxer
rawvideo_muxer
rm_muxer
roq_muxer
rtp_muxer
rtsp_muxer
sox_muxer
spdif_muxer
swf_muxer
tg2_muxer
tgp_muxer
truehd_muxer
vc1t_muxer
voc_muxer
wav_muxer
webm_muxer
yuv4mpegpipe_muxer
libnut_muxer'
mxf_d10_muxer_select=mxf_muxer
n=protocols
ndk=/cygdrive/g/android-ndk-r5
need_memalign='altivec neon sse'
nellymoser_decoder=yes
nellymoser_decoder_select=mdct
nellymoser_encoder_select=mdct
neon=yes
neon_deps=arm
network=no
nm_default=nm
nm_opts=-g
noformat_filter=yes
nonfree=yes
null_filter=yes
nullsink_filter=yes
nullsrc_filter=yes
nuv_decoder=yes
objformat=elf
ogg_demuxer_select=golomb
op==
opt=--disable-armv6t2
optimizations=yes
option=armv6t2
optname=arch
optval=--disable-armv6t2
oss_indev=no
oss_indev_deps_any='soundcard_h sys_soundcard_h'
oss_outdev=no
oss_outdev_deps_any='soundcard_h sys_soundcard_h'
outdevs_if_any='alsa_outdev
oss_outdev'
pad_filter=yes
pam_decoder=yes
parsers_if_any='aac_parser
ac3_parser
cavsvideo_parser
dca_parser
dirac_parser
dnxhd_parser
dvbsub_parser
dvdsub_parser
h261_parser
h263_parser
h264_parser
mjpeg_parser
mlp_parser
mpeg4video_parser
mpegaudio_parser
mpegvideo_parser
pnm_parser
vc1_parser
vp3_parser
vp8_parser'
pbm_decoder=yes
pcm_alaw_decoder=yes
pcm_bluray_decoder=yes
pcm_dvd_decoder=yes
pcm_f32be_decoder=yes
pcm_f32le_decoder=yes
pcm_f64be_decoder=yes
pcm_f64le_decoder=yes
pcm_mulaw_decoder=yes
pcm_s16be_decoder=yes
pcm_s16le_decoder=yes
pcm_s16le_planar_decoder=yes
pcm_s24be_decoder=yes
pcm_s24daud_decoder=yes
pcm_s24le_decoder=yes
pcm_s32be_decoder=yes
pcm_s32le_decoder=yes
pcm_s8_decoder=yes
pcm_u16be_decoder=yes
pcm_u16le_decoder=yes
pcm_u24be_decoder=yes
pcm_u24le_decoder=yes
pcm_u32be_decoder=yes
pcm_u32le_decoder=yes
pcm_u8_decoder=yes
pcm_zork_decoder=yes
pcx_decoder=yes
pgm_decoder=yes
pgmyuv_decoder=yes
pgssub_decoder=yes
pictor_decoder=yes
pixelaspect_filter=yes
png_decoder=yes
png_decoder_select=zlib
png_encoder_select=zlib
ppc4xx=yes
ppc4xx_deps=ppc
ppm_decoder=yes
prefix_default=/usr/local
protocols=yes
protocols_if_any='file_protocol
gopher_protocol
http_protocol
mmst_protocol
pipe_protocol
rtmp_protocol
rtmpt_protocol
rtmpe_protocol
rtmpte_protocol
rtmps_protocol
rtp_protocol
tcp_protocol
udp_protocol
concat_protocol'
psp_muxer_select=mov_muxer
ptx_decoder=yes
python='D:\python27'
qcelp_decoder=yes
qcelp_decoder_select=lsp
qdm2_decoder=yes
qdm2_decoder_select='mdct rdft'
qdraw_decoder=yes
qpeg_decoder=yes
qtrle_decoder=yes
quotes='""'
r=--disable-armv6t2
r210_decoder=yes
ra_144_decoder=yes
ra_288_decoder=yes
ranlib=ranlib
rawvideo_decoder=yes
rdft_select=fft
real_144_encoder_select=lpc
rl2_decoder=yes
roq_decoder=yes
roq_dpcm_decoder=yes
rpza_decoder=yes
rtmp_protocol_select=tcp_protocol
rtp_protocol_select=udp_protocol
rtsp_demuxer_deps=sdp_demuxer
rtsp_muxer_deps=sdp_demuxer
rtsp_muxer_select=rtp_muxer
rv10_decoder=yes
rv10_decoder_select=h263_decoder
rv10_encoder_select=h263_encoder
rv20_decoder=yes
rv20_decoder_select=h263_decoder
rv20_encoder_select=h263_encoder
rv30_decoder=yes
rv30_decoder_select='golomb h264dsp'
rv40_decoder=yes
rv40_decoder_select='golomb h264dsp'
scale_filter=yes
sdp_demuxer_deps='rtp_protocol mpegts_demuxer'
sdp_demuxer_select='asf_demuxer rm_demuxer'
sgi_decoder=yes
shared=yes
shlibdir_default='${prefix}/lib'
shorten_decoder=yes
shorten_decoder_select=golomb
sipr_decoder=yes
sipr_decoder_select=lsp
slicify_filter=yes
smackaud_decoder=yes
smacker_decoder=yes
small=yes
smc_decoder=yes
snow_decoder=yes
snow_decoder_select=dwt
snow_encoder_select='aandct dwt'
sol_dpcm_decoder=yes
sonic_decoder=yes
sonic_decoder_select=golomb
sonic_encoder_select=golomb
sonic_ls_encoder_select=golomb
source_path=/cygdrive/g/android_project/SurfaceDraw/jni/libffmpeg
source_path_used=no
sp5x_decoder=yes
spdif_muxer_select=aac_parser
sse=yes
sse_deps=mmx
ssse3=yes
ssse3_deps=sse
static=no
strip_default=strip
stripping=no
sunrast_decoder=yes
svq1_decoder=yes
svq1_encoder_select=aandct
svq3_decoder=yes
svq3_decoder_select='golomb h264dsp'
svq3_decoder_suggest=zlib
swscale=yes
swscale_alpha=yes
symver_if_any='symver_asm_label symver_gnu_asm'
targa_decoder=yes
target_os=linux
target_os_default=cygwin_nt-6.1
target_path='$(CURDIR)'
tcp_protocol_deps=network
tg2_muxer_select=mov_muxer
tgp_muxer_select=mov_muxer
theora_decoder=yes
theora_decoder_select=vp3_decoder
thp_decoder=yes
tiertexseqvideo_decoder=yes
tiff_decoder=yes
tiff_decoder_suggest=zlib
tiff_encoder_suggest=zlib
tmv_decoder=yes
truehd_decoder=yes
truehd_decoder_select=mlp_decoder
truemotion1_decoder=yes
truemotion2_decoder=yes
truespeech_decoder=yes
tscc_decoder=yes
tscc_decoder_select=zlib
tta_decoder=yes
twinvq_decoder=yes
twinvq_decoder_select='mdct lsp'
txd_decoder=yes
udp_protocol_deps=network
ulti_decoder=yes
unsharp_filter=yes
v=PROTOCOL_LIST
v210_decoder=yes
v210x_decoder=yes
v4l2_indev=no
v4l2_indev_deps_any='linux_videodev2_h sys_videoio_h'
v4l_indev=no
v4l_indev_deps=linux_videodev_h
vaapi_deps=va_va_h
value=no
var=armv6t2
vb_decoder=yes
vc1_decoder=yes
vc1_decoder_select=h263_decoder
vc1_dxva2_hwaccel=yes
vc1_dxva2_hwaccel_deps='dxva2api_h DXVA_PictureParameters_wDecodedPictureIndex'
vc1_dxva2_hwaccel_select='dxva2 vc1_decoder'
vc1_vaapi_hwaccel=yes
vc1_vaapi_hwaccel_select='vaapi vc1_decoder'
vc1_vdpau_decoder=yes
vc1_vdpau_decoder_select='vdpau vc1_decoder'
vcr1_decoder=yes
vdpau_deps='vdpau_vdpau_h vdpau_vdpau_x11_h'
version3=yes
vflip_filter=yes
vfwcap_indev=no
vfwcap_indev_deps=capCreateCaptureWindow
vfwcap_indev_extralibs=-lavicap32
vis=yes
vis_deps=sparc
vmdaudio_decoder=yes
vmdvideo_decoder=yes
vmnc_decoder=yes
vorbis_decoder=yes
vorbis_decoder_select=mdct
vorbis_encoder_select=mdct
vp3_decoder=yes
vp5_decoder=yes
vp6_decoder=yes
vp6a_decoder=yes
vp6a_decoder_select=vp6_decoder
vp6f_decoder=yes
vp6f_decoder_select=vp6_decoder
vqa_decoder=yes
w64_demuxer_deps=wav_demuxer
wavpack_decoder=yes
wmapro_decoder=yes
wmapro_decoder_select=mdct
wmav1_decoder=yes
wmav1_decoder_select=mdct
wmav1_encoder_select=mdct
wmav2_decoder=yes
wmav2_decoder_select=mdct
wmav2_encoder_select=mdct
wmavoice_decoder=yes
wmavoice_decoder_select='lsp rdft dct'
wmv1_decoder=yes
wmv1_decoder_select=h263_decoder
wmv1_encoder_select=h263_encoder
wmv2_decoder=yes
wmv2_decoder_select=h263_decoder
wmv2_encoder_select=h263_encoder
wmv3_decoder=yes
wmv3_decoder_select=vc1_decoder
wmv3_dxva2_hwaccel=yes
wmv3_dxva2_hwaccel_select=vc1_dxva2_hwaccel
wmv3_vaapi_hwaccel=yes
wmv3_vaapi_hwaccel_select=vc1_vaapi_hwaccel
wmv3_vdpau_decoder=yes
wmv3_vdpau_decoder_select=vc1_vdpau_decoder
wnv1_decoder=yes
ws_snd1_decoder=yes
x11_grab_device_indev=no
x11_grab_device_indev_deps='x11grab XShmCreateImage'
x11_grab_device_indev_extralibs='-lX11 -lXext -lXfixes'
x86_64_suggest='cmov fast_cmov'
xan_dpcm_decoder=yes
xan_wc3_decoder=yes
xl_decoder=yes
xsub_decoder=yes
yasmexe=yasm
yop_decoder=yes
zlib_decoder=yes
zlib_decoder_select=zlib
zlib_encoder_select=zlib
zmbv_decoder=yes
zmbv_decoder_select=zlib
zmbv_encoder_select=zlib
type mktemp
mktemp is /usr/bin/mktemp
check_ld
check_cc
BEGIN /tmp/ffconf.zyd7fBJb.c
    1	int main(void){ return 0; }
END /tmp/ffconf.zyd7fBJb.c
/cygdrive/g/android-ndk-r5/toolchains/arm-linux-androideabi-4.4.3/prebuilt/windows/bin/arm-linux-androideabi-gcc -I/cygdrive/g/android-ndk-r5/platforms/android-9/arch-arm/usr/include -mfpu=neon -mfloat-abi=softfp -mcpu=cortex-a8 -c -o /tmp/ffconf.r1OM9LOg.o /tmp/ffconf.zyd7fBJb.c
arm-linux-androideabi-gcc.exe: /tmp/ffconf.zyd7fBJb.c: No such file or directory
arm-linux-androideabi-gcc.exe: no input files
C compiler test failed.
